                                                          IMCO2
  solar dec.(deg)  -85 -75 -65 -55 -45 -35 -25 -15  -5   5  15  25  35  45  55  65  75  85  global cloud coverage

     0.39            0   0   0   0   0   0   0   0   0   0   0   0   0   0   0   0   0   0         0.000
     1.18            0   0   0   0   0   0   0   0   0   0   0   0   0   0   0   0   0   0         0.000
     1.96            0   0   0   0   0   0   0   0   0   0   0   0   0   0   0   0   0   0         0.000
     2.75            0   0   0   0   0   0   0   0   0   0   0   0   0   0   0   0   0   0         0.000
     3.53            0   0   0   0   0   0   0   0   0   0   0   0   0   0   0   0   0   0         0.000
     4.30            0   0   0   0   0   0   0   0   0   0   0   0   0   0   0   0   0   0         0.000
     5.07            0   0   0   0   0   0   0   0   0   0   0   0   0   0   0   0   0   0         0.000
     5.84            0   0   0   0   0   0   0   0   0   0   0   0   0   0   0   0   0   0         0.000
     6.60            0   0   0   0   0   0   0   0   0   0   0   0   0   0   0   0   0   0         0.000
     7.36            0   0   0   0   0   0   0   0   0   0   0   0   0   0   0   0   0   0         0.000
     8.10            0   0   0   0   0   0   0   0   0   0   0   0   0   0   0   0   0   0         0.000
     8.84            0   0   0   0   0   0   0   0   0   0   0   0   0   0   0   0   0   0         0.000
     9.57            0   0   0   0   0   0   0   0   0   0   0   0   0   0   0   0   0   0         0.000
    10.29            0   0   0   0   0   0   0   0   0   0   0   0   0   0   0   0   0   0         0.000
    11.00            0   0   0   0   0   0   0   0   0   0   0   0   0   0   0   0   0   0         0.000
    11.70            0   0   0   0   0   0   0   0   0   0   0   0   0   0   0   0   0   0         0.000
    12.38            0   0   0   0   0   0   0   0   0   0   0   0   0   0   0   0   0   0         0.000
    13.05            0   0   0   0   0   0   0   0   0   0   0   0   0   0   0   0   0   0         0.000
    13.71            0   0   0   0   0   0   0   0   0   0   0   0   0   0   0   0   0   0         0.000
    14.35            0   0   0   0   0   0   0   0   0   0   0   0   0   0   0   0   0   0         0.000
    14.98            0   0   0   0   0   0   0   0   0   0   0   0   0   0   0   0   0   0         0.000
    15.59            0   0   0   0   0   0   0   0   0   0   0   0   0   0   0   0   0   0         0.000
    16.19            0   0   0   0   0   0   0   0   0   0   0   0   0   0   0   0   0   0         0.000
    16.76            0   0   0   0   0   0   0   0   0   0   0   0   0   0   0   0   0   0         0.000
    17.32            0   0   0   0   0   0   0   0   0   0   0   0   0   0   0   0   0   0         0.000
    17.86            0   0   0   0   0   0   0   0   0   0   0   0   0   0   0   0   0   0         0.000
    18.38            0   0   0   0   0   0   0   0   0   0   0   0   0   0   0   0   0   0         0.000
    18.87            0   0   0   0   0   0   0   0   0   0   0   0   0   0   0   0   0   0         0.000
    19.35            0   0   0   0   0   0   0   0   0   0   0   0   0   0   0   0   0   0         0.000
    19.80            0   0   0   0   0   0   0   0   0   0   0   0   0   0   0   0   0   0         0.000
    20.23            0   0   0   0   0   0   0   0   0   0   0   0   0   0   0   0   0   0         0.000
    20.63            0   0   0   0   0   0   0   0   0   0   0   0   0   0   0   0   0   0         0.000
    21.01            0   0   0   0   0   0   0   0   0   0   0   0   0   0   0   0   0   0         0.000
    21.37            0   0   0   0   0   0   0   0   0   0   0   0   0   0   0   0   0   0         0.000
    21.70            0   0   0   0   0   0   0   0   0   0   0   0   0   0   0   0   0   0         0.000
    22.00            0   0   0   0   0   0   0   0   0   0   0   0   0   0   0   0   0   0         0.000
    22.28            0   0   0   0   0   0   0   0   0   0   0   0   0   0   0   0   0   0         0.000
    22.53            0   0   0   0   0   0   0   0   0   0   0   0   0   0   0   0   0   0         0.000
    22.75            0   0   0   0   0   0   0   0   0   0   0   0   0   0   0   0   0   0         0.000
    22.94            0   0   0   0   0   0   0   0   0   0   0   0   0   0   0   0   0   0         0.000
    23.11            0   0   0   0   0   0   0   0   0   0   0   0   0   0   0   0   0   0         0.000
    23.25            0   0   0   0   0   0   0   0   0   0   0   0   0   0   0   0   0   0         0.000
    23.35            0   0   0   0   0   0   0   0   0   0   0   0   0   0   0   0   0   0         0.000
    23.43            0   0   0   0   0   0   0   0   0   0   0   0   0   0   0   0   0   0         0.000
    23.48            0   0   0   0   0   0   0   0   0   0   0   0   0   0   0   0   0   0         0.000
    23.50            0   0   0   0   0   0   0   0   0   0   0   0   0   0   0   0   0   0         0.000
    23.49            0   0   0   0   0   0   0   0   0   0   0   0   0   0   0   0   0   0         0.000
    23.45            0   0   0   0   0   0   0   0   0   0   0   0   0   0   0   0   0   0         0.000
    23.38            0   0   0   0   0   0   0   0   0   0   0   0   0   0   0   0   0   0         0.000
    23.28            0   0   0   0   0   0   0   0   0   0   0   0   0   0   0   0   0   0         0.000
    23.15            0   0   0   0   0   0   0   0   0   0   0   0   0   0   0   0   0   0         0.000
    23.00            0   0   0   0   0   0   0   0   0   0   0   0   0   0   0   0   0   0         0.000
    22.81            0   0   0   0   0   0   0   0   0   0   0   0   0   0   0   0   0   0         0.000
    22.60            0   0   0   0   0   0   0   0   0   0   0   0   0   0   0   0   0   0         0.000
    22.36            0   0   0   0   0   0   0   0   0   0   0   0   0   0   0   0   0   0         0.000
    22.09            0   0   0   0   0   0   0   0   0   0   0   0   0   0   0   0   0   0         0.000
    21.80            0   0   0   0   0   0   0   0   0   0   0   0   0   0   0   0   0   0         0.000
    21.47            0   0   0   0   0   0   0   0   0   0   0   0   0   0   0   0   0   0         0.000
    21.13            0   0   0   0   0   0   0   0   0   0   0   0   0   0   0   0   0   0         0.000
    20.75            0   0   0   0   0   0   0   0   0   0   0   0   0   0   0   0   0   0         0.000
    20.36            0   0   0   0   0   0   0   0   0   0   0   0   0   0   0   0   0   0         0.000
    19.93            0   0   0   0   0   0   0   0   0   0   0   0   0   0   0   0   0   0         0.000
    19.49            0   0   0   0   0   0   0   0   0   0   0   0   0   0   0   0   0   0         0.000
    19.02            0   0   0   0   0   0   0   0   0   0   0   0   0   0   0   0   0   0         0.000
    18.53            0   0   0   0   0   0   0   0   0   0   0   0   0   0   0   0   0   0         0.000
    18.02            0   0   0   0   0   0   0   0   0   0   0   0   0   0   0   0   0   0         0.000
    17.49            0   0   0   0   0   0   0   0   0   0   0   0   0   0   0   0   0   0         0.000
    16.94            0   0   0   0   0   0   0   0   0   0   0   0   0   0   0   0   0   0         0.000
    16.37            0   0   0   0   0   0   0   0   0   0   0   0   0   0   0   0   0   0         0.000
    15.78            0   0   0   0   0   0   0   0   0   0   0   0   0   0   0   0   0   0         0.000
    15.17            0   0   0   0   0   0   0   0   0   0   0   0   0   0   0   0   0   0         0.000
    14.55            0   0   0   0   0   0   0   0   0   0   0   0   0   0   0   0   0   0         0.000
    13.91            0   0   0   0   0   0   0   0   0   0   0   0   0   0   0   0   0   0         0.000
    13.26            0   0   0   0   0   0   0   0   0   0   0   0   0   0   0   0   0   0         0.000
    12.59            0   0   0   0   0   0   0   0   0   0   0   0   0   0   0   0   0   0         0.000
    11.91            0   0   0   0   0   0   0   0   0   0   0   0   0   0   0   0   0   0         0.000
    11.21            0   0   0   0   0   0   0   0   0   0   0   0   0   0   0   0   0   0         0.000
    10.51            0   0   0   0   0   0   0   0   0   0   0   0   0   0   0   0   0   0         0.000
     9.79            0   0   0   0   0   0   0   0   0   0   0   0   0   0   0   0   0   0         0.000
     9.07            0   0   0   0   0   0   0   0   0   0   0   0   0   0   0   0   0   0         0.000
     8.33            0   0   0   0   0   0   0   0   0   0   0   0   0   0   0   0   0   0         0.000
     7.59            0   0   0   0   0   0   0   0   0   0   0   0   0   0   0   0   0   0         0.000
     6.83            0   0   0   0   0   0   0   0   0   0   0   0   0   0   0   0   0   0         0.000
     6.07            0   0   0   0   0   0   0   0   0   0   0   0   0   0   0   0   0   0         0.000
     5.31            0   0   0   0   0   0   0   0   0   0   0   0   0   0   0   0   0   0         0.000
     4.54            0   0   0   0   0   0   0   0   0   0   0   0   0   0   0   0   0   0         0.000
     3.76            0   0   0   0   0   0   0   0   0   0   0   0   0   0   0   0   0   0         0.000
     2.98            0   0   0   0   0   0   0   0   0   0   0   0   0   0   0   0   0   0         0.000
     2.20            0   0   0   0   0   0   0   0   0   0   0   0   0   0   0   0   0   0         0.000
     1.42            0   0   0   0   0   0   0   0   0   0   0   0   0   0   0   0   0   0         0.000
     0.63            0   0   0   0   0   0   0   0   0   0   0   0   0   0   0   0   0   0         0.000
    -0.15            0   0   0   0   0   0   0   0   0   0   0   0   0   0   0   0   0   0         0.000
    -0.94            0   0   0   0   0   0   0   0   0   0   0   0   0   0   0   0   0   0         0.000
    -1.72            0   0   0   0   0   0   0   0   0   0   0   0   0   0   0   0   0   0         0.000
    -2.51            0   0   0   0   0   0   0   0   0   0   0   0   0   0   0   0   0   0         0.000
    -3.29            0   0   0   0   0   0   0   0   0   0   0   0   0   0   0   0   0   0         0.000
    -4.06            0   0   0   0   0   0   0   0   0   0   0   0   0   0   0   0   0   0         0.000
    -4.84            0   0   0   0   0   0   0   0   0   0   0   0   0   0   0   0   0   0         0.000
    -5.61            0   0   0   0   0   0   0   0   0   0   0   0   0   0   0   0   0   0         0.000
    -6.37            0   0   0   0   0   0   0   0   0   0   0   0   0   0   0   0   0   0         0.000
    -7.13            0   0   0   0   0   0   0   0   0   0   0   0   0   0   0   0   0   0         0.000
    -7.87            0   0   0   0   0   0   0   0   0   0   0   0   0   0   0   0   0   0         0.000
    -8.62            0   0   0   0   0   0   0   0   0   0   0   0   0   0   0   0   0   0         0.000
    -9.35            0   0   0   0   0   0   0   0   0   0   0   0   0   0   0   0   0   0         0.000
   -10.07            0   0   0   0   0   0   0   0   0   0   0   0   0   0   0   0   0   0         0.000
   -10.78            0   0   0   0   0   0   0   0   0   0   0   0   0   0   0   0   0   0         0.000
   -11.48            0   0   0   0   0   0   0   0   0   0   0   0   0   0   0   0   0   0         0.000
   -12.17            0   0   0   0   0   0   0   0   0   0   0   0   0   0   0   0   0   0         0.000
   -12.85            0   0   0   0   0   0   0   0   0   0   0   0   0   0   0   0   0   0         0.000
   -13.51            0   0   0   0   0   0   0   0   0   0   0   0   0   0   0   0   0   0         0.000
   -14.16            0   0   0   0   0   0   0   0   0   0   0   0   0   0   0   0   0   0         0.000
   -14.79            0   0   0   0   0   0   0   0   0   0   0   0   0   0   0   0   0   0         0.000
   -15.41            0   0   0   0   0   0   0   0   0   0   0   0   0   0   0   0   0   0         0.000
   -16.01            0   0   0   0   0   0   0   0   0   0   0   0   0   0   0   0   0   0         0.000
   -16.59            0   0   0   0   0   0   0   0   0   0   0   0   0   0   0   0   0   0         0.000
   -17.15            0   0   0   0   0   0   0   0   0   0   0   0   0   0   0   0   0   0         0.000
   -17.70            0   0   0   0   0   0   0   0   0   0   0   0   0   0   0   0   0   0         0.000
   -18.22            0   0   0   0   0   0   0   0   0   0   0   0   0   0   0   0   0   0         0.000
   -18.72            0   0   0   0   0   0   0   0   0   0   0   0   0   0   0   0   0   0         0.000
   -19.20            0   0   0   0   0   0   0   0   0   0   0   0   0   0   0   0   0   0         0.000
   -19.66            0   0   0   0   0   0   0   0   0   0   0   0   0   0   0   0   0   0         0.000
   -20.10            0   0   0   0   0   0   0   0   0   0   0   0   0   0   0   0   0   0         0.000
   -20.51            0   0   0   0   0   0   0   0   0   0   0   0   0   0   0   0   0   0         0.000
   -20.90            0   0   0   0   0   0   0   0   0   0   0   0   0   0   0   0   0   0         0.000
   -21.26            0   0   0   0   0   0   0   0   0   0   0   0   0   0   0   0   0   0         0.000
   -21.60            0   0   0   0   0   0   0   0   0   0   0   0   0   0   0   0   0   0         0.000
   -21.91            0   0   0   0   0   0   0   0   0   0   0   0   0   0   0   0   0   0         0.000
   -22.20            0   0   0   0   0   0   0   0   0   0   0   0   0   0   0   0   0   0         0.000
   -22.46            0   0   0   0   0   0   0   0   0   0   0   0   0   0   0   0   0   0         0.000
   -22.69            0   0   0   0   0   0   0   0   0   0   0   0   0   0   0   0   0   0         0.000
   -22.89            0   0   0   0   0   0   0   0   0   0   0   0   0   0   0   0   0   0         0.000
   -23.06            0   0   0   0   0   0   0   0   0   0   0   0   0   0   0   0   0   0         0.000
   -23.21            0   0   0   0   0   0   0   0   0   0   0   0   0   0   0   0   0   0         0.000
   -23.32            0   0   0   0   0   0   0   0   0   0   0   0   0   0   0   0   0   0         0.000
   -23.41            0   0   0   0   0   0   0   0   0   0   0   0   0   0   0   0   0   0         0.000
   -23.47            0   0   0   0   0   0   0   0   0   0   0   0   0   0   0   0   0   0         0.000
   -23.50            0   0   0   0   0   0   0   0   0   0   0   0   0   0   0   0   0   0         0.000
   -23.50            0   0   0   0   0   0   0   0   0   0   0   0   0   0   0   0   0   0         0.000
   -23.46            0   0   0   0   0   0   0   0   0   0   0   0   0   0   0   0   0   0         0.000
   -23.40            0   0   0   0   0   0   0   0   0   0   0   0   0   0   0   0   0   0         0.000
   -23.32            0   0   0   0   0   0   0   0   0   0   0   0   0   0   0   0   0   0         0.000
   -23.20            0   0   0   0   0   0   0   0   0   0   0   0   0   0   0   0   0   0         0.000
   -23.05            0   0   0   0   0   0   0   0   0   0   0   0   0   0   0   0   0   0         0.000
   -22.87            0   0   0   0   0   0   0   0   0   0   0   0   0   0   0   0   0   0         0.000
   -22.67            0   0   0   0   0   0   0   0   0   0   0   0   0   0   0   0   0   0         0.000
   -22.44            0   0   0   0   0   0   0   0   0   0   0   0   0   0   0   0   0   0         0.000
   -22.18            0   0   0   0   0   0   0   0   0   0   0   0   0   0   0   0   0   0         0.000
   -21.89            0   0   0   0   0   0   0   0   0   0   0   0   0   0   0   0   0   0         0.000
   -21.58            0   0   0   0   0   0   0   0   0   0   0   0   0   0   0   0   0   0         0.000
   -21.24            0   0   0   0   0   0   0   0   0   0   0   0   0   0   0   0   0   0         0.000
   -20.87            0   0   0   0   0   0   0   0   0   0   0   0   0   0   0   0   0   0         0.000
   -20.48            0   0   0   0   0   0   0   0   0   0   0   0   0   0   0   0   0   0         0.000
   -20.07            0   0   0   0   0   0   0   0   0   0   0   0   0   0   0   0   0   0         0.000
   -19.63            0   0   0   0   0   0   0   0   0   0   0   0   0   0   0   0   0   0         0.000
   -19.17            0   0   0   0   0   0   0   0   0   0   0   0   0   0   0   0   0   0         0.000
   -18.68            0   0   0   0   0   0   0   0   0   0   0   0   0   0   0   0   0   0         0.000
   -18.18            0   0   0   0   0   0   0   0   0   0   0   0   0   0   0   0   0   0         0.000
   -17.65            0   0   0   0   0   0   0   0   0   0   0   0   0   0   0   0   0   0         0.000
   -17.11            0   0   0   0   0   0   0   0   0   0   0   0   0   0   0   0   0   0         0.000
   -16.54            0   0   0   0   0   0   0   0   0   0   0   0   0   0   0   0   0   0         0.000
   -15.96            0   0   0   0   0   0   0   0   0   0   0   0   0   0   0   0   0   0         0.000
   -15.36            0   0   0   0   0   0   0   0   0   0   0   0   0   0   0   0   0   0         0.000
   -14.74            0   0   0   0   0   0   0   0   0   0   0   0   0   0   0   0   0   0         0.000
   -14.11            0   0   0   0   0   0   0   0   0   0   0   0   0   0   0   0   0   0         0.000
   -13.46            0   0   0   0   0   0   0   0   0   0   0   0   0   0   0   0   0   0         0.000
   -12.79            0   0   0   0   0   0   0   0   0   0   0   0   0   0   0   0   0   0         0.000
   -12.12            0   0   0   0   0   0   0   0   0   0   0   0   0   0   0   0   0   0         0.000
   -11.43            0   0   0   0   0   0   0   0   0   0   0   0   0   0   0   0   0   0         0.000
   -10.72            0   0   0   0   0   0   0   0   0   0   0   0   0   0   0   0   0   0         0.000
   -10.01            0   0   0   0   0   0   0   0   0   0   0   0   0   0   0   0   0   0         0.000
    -9.29            0   0   0   0   0   0   0   0   0   0   0   0   0   0   0   0   0   0         0.000
    -8.56            0   0   0   0   0   0   0   0   0   0   0   0   0   0   0   0   0   0         0.000
    -7.81            0   0   0   0   0   0   0   0   0   0   0   0   0   0   0   0   0   0         0.000
    -7.06            0   0   0   0   0   0   0   0   0   0   0   0   0   0   0   0   0   0         0.000
    -6.31            0   0   0   0   0   0   0   0   0   0   0   0   0   0   0   0   0   0         0.000
    -5.54            0   0   0   0   0   0   0   0   0   0   0   0   0   0   0   0   0   0         0.000
    -4.77            0   0   0   0   0   0   0   0   0   0   0   0   0   0   0   0   0   0         0.000
    -4.00            0   0   0   0   0   0   0   0   0   0   0   0   0   0   0   0   0   0         0.000
    -3.22            0   0   0   0   0   0   0   0   0   0   0   0   0   0   0   0   0   0         0.000
    -2.44            0   0   0   0   0   0   0   0   0   0   0   0   0   0   0   0   0   0         0.000
    -1.66            0   0   0   0   0   0   0   0   0   0   0   0   0   0   0   0   0   0         0.000
    -0.87            0   0   0   0   0   0   0   0   0   0   0   0   0   0   0   0   0   0         0.000
    -0.09            0   0   0   0   0   0   0   0   0   0   0   0   0   0   0   0   0   0         0.000
