          1.00   299.302     0.100E+01  0.400000E-03             0   0.00000   0.58000
          2.00   299.112     0.100E+01  0.400000E-03             0   0.00000   0.58000
          3.00   298.911     0.100E+01  0.400000E-03             0   0.00000   0.58000
          4.00   298.703     0.100E+01  0.400000E-03             0   0.00000   0.58000
          5.00   298.490     0.100E+01  0.400000E-03             0   0.00000   0.58000
          6.00   298.274     0.100E+01  0.400000E-03             0   0.00000   0.58000
          7.00   298.066     0.100E+01  0.400000E-03             0   0.00000   0.58000
          8.00   297.858     0.100E+01  0.400000E-03             0   0.00000   0.58000
          9.00   297.649     0.100E+01  0.400000E-03             0   0.00000   0.58000
         10.00   297.451     0.100E+01  0.400000E-03             0   0.00000   0.58000
         11.00   297.253     0.100E+01  0.400000E-03             0   0.00000   0.58000
         12.00   297.057     0.100E+01  0.400000E-03             0   0.00000   0.58000
         13.00   296.861     0.100E+01  0.400000E-03             0   0.00000   0.58000
         14.00   296.664     0.100E+01  0.400000E-03             0   0.00000   0.58000
         15.00   296.482     0.100E+01  0.400000E-03             0   0.00000   0.58000
         16.00   296.305     0.100E+01  0.400000E-03             0   0.00000   0.58000
         17.00   296.128     0.100E+01  0.400000E-03             0   0.00000   0.58000
         18.00   295.951     0.100E+01  0.400000E-03             0   0.00000   0.58000
         19.00   295.775     0.100E+01  0.400000E-03             0   0.00000   0.58000
         20.00   295.598     0.100E+01  0.400000E-03             0   0.00000   0.58000
         21.00   295.421     0.100E+01  0.400000E-03             0   0.00000   0.58000
         22.00   295.254     0.100E+01  0.400000E-03             0   0.00000   0.58000
         23.00   295.086     0.100E+01  0.400000E-03             0   0.00000   0.58000
         24.00   294.918     0.100E+01  0.400000E-03             0   0.00000   0.58000
         25.00   294.751     0.100E+01  0.400000E-03             0   0.00000   0.58000
         26.00   294.583     0.100E+01  0.400000E-03             0   0.00000   0.58000
         27.00   294.416     0.100E+01  0.400000E-03             0   0.00000   0.58000
         28.00   294.248     0.100E+01  0.400000E-03             0   0.00000   0.58000
         29.00   294.097     0.100E+01  0.400000E-03             0   0.00000   0.58000
         30.00   293.945     0.100E+01  0.400000E-03             0   0.00000   0.58000
         31.00   293.793     0.100E+01  0.400000E-03             0   0.00000   0.58000
         32.00   293.642     0.100E+01  0.400000E-03             0   0.00000   0.58000
         33.00   293.492     0.100E+01  0.400000E-03             0   0.00000   0.58000
         34.00   293.342     0.100E+01  0.400000E-03             0   0.00000   0.58000
         35.00   293.204     0.100E+01  0.400000E-03             0   0.00000   0.58000
         36.00   293.066     0.100E+01  0.400000E-03             0   0.00000   0.58000
         37.00   292.928     0.100E+01  0.400000E-03             0   0.00000   0.58000
         38.00   292.796     0.100E+01  0.400000E-03             0   0.00000   0.58000
         39.00   292.663     0.100E+01  0.400000E-03             0   0.00000   0.58000
         40.00   292.531     0.100E+01  0.400000E-03             0   0.00000   0.58000
         41.00   292.399     0.100E+01  0.400000E-03             0   0.00000   0.58000
         42.00   292.267     0.100E+01  0.400000E-03             0   0.00000   0.58000
         43.00   292.135     0.100E+01  0.400000E-03             0   0.00000   0.58000
         44.00   292.001     0.100E+01  0.400000E-03             0   0.00000   0.58000
         45.00   291.868     0.100E+01  0.400000E-03             0   0.00000   0.58000
         46.00   291.735     0.100E+01  0.400000E-03             0   0.00000   0.58000
         47.00   291.601     0.100E+01  0.400000E-03             0   0.00000   0.58000
         48.00   291.468     0.100E+01  0.400000E-03             0   0.00000   0.58000
         49.00   291.335     0.100E+01  0.400000E-03             0   0.00000   0.58000
         50.00   291.201     0.100E+01  0.400000E-03             0   0.00000   0.58000
         51.00   291.068     0.100E+01  0.400000E-03             0   0.00000   0.58000
         52.00   290.935     0.100E+01  0.400000E-03             0   0.00000   0.58000
         53.00   290.811     0.100E+01  0.400000E-03             0   0.00000   0.58000
         54.00   290.686     0.100E+01  0.400000E-03             0   0.00000   0.58000
         55.00   290.562     0.100E+01  0.400000E-03             0   0.00000   0.58000
         56.00   290.438     0.100E+01  0.400000E-03             0   0.00000   0.58000
         57.00   290.314     0.100E+01  0.400000E-03             0   0.00000   0.58000
         58.00   290.190     0.100E+01  0.400000E-03             0   0.00000   0.58000
         59.00   290.066     0.100E+01  0.400000E-03             0   0.00000   0.58000
         60.00   289.942     0.100E+01  0.400000E-03             0   0.00000   0.58000
         61.00   289.818     0.100E+01  0.400000E-03             0   0.00000   0.58000
         62.00   289.708     0.100E+01  0.400000E-03             0   0.00000   0.58000
         63.00   289.608     0.100E+01  0.400000E-03             0   0.00000   0.58000
         64.00   289.507     0.100E+01  0.400000E-03             0   0.00000   0.58000
         65.00   289.406     0.100E+01  0.400000E-03             0   0.00000   0.58000
         66.00   289.306     0.100E+01  0.400000E-03             0   0.00000   0.58000
         67.00   289.207     0.100E+01  0.400000E-03             0   0.00000   0.58000
         68.00   289.108     0.100E+01  0.400000E-03             0   0.00000   0.58000
         69.00   289.009     0.100E+01  0.400000E-03             0   0.00000   0.58000
         70.00   288.909     0.100E+01  0.400000E-03             0   0.00000   0.58000
         71.00   288.810     0.100E+01  0.400000E-03             0   0.00000   0.58000
         72.00   288.711     0.100E+01  0.400000E-03             0   0.00000   0.58000
         73.00   288.612     0.100E+01  0.400000E-03             0   0.00000   0.58000
         74.00   288.513     0.100E+01  0.400000E-03             0   0.00000   0.58000
         75.00   288.413     0.100E+01  0.400000E-03             0   0.00000   0.58000
         76.00   288.314     0.100E+01  0.400000E-03             0   0.00000   0.58000
         77.00   288.215     0.100E+01  0.400000E-03             0   0.00000   0.58000
         78.00   288.120     0.100E+01  0.400000E-03             0   0.00000   0.58000
         79.00   288.025     0.100E+01  0.400000E-03             0   0.00000   0.58000
         80.00   287.929     0.100E+01  0.400000E-03             0   0.00000   0.58000
         81.00   287.834     0.100E+01  0.400000E-03             0   0.00000   0.58000
         82.00   287.739     0.100E+01  0.400000E-03             0   0.00000   0.58000
         83.00   287.644     0.100E+01  0.400000E-03             0   0.00000   0.58000
         84.00   287.548     0.100E+01  0.400000E-03             0   0.00000   0.58000
         85.00   287.453     0.100E+01  0.400000E-03             0   0.00000   0.58000
         86.00   287.358     0.100E+01  0.400000E-03             0   0.00000   0.58000
         87.00   287.263     0.100E+01  0.400000E-03             0   0.00000   0.58000
         88.00   287.167     0.100E+01  0.400000E-03             0   0.00000   0.58000
         89.00   287.084     0.100E+01  0.400000E-03             0   0.00000   0.58000
         90.00   287.001     0.100E+01  0.400000E-03             0   0.00000   0.58000
         91.00   286.918     0.100E+01  0.400000E-03             0   0.00000   0.58000
         92.00   286.836     0.100E+01  0.400000E-03             0   0.00000   0.58000
         93.00   286.754     0.100E+01  0.400000E-03             0   0.00000   0.58000
         94.00   286.671     0.100E+01  0.400000E-03             0   0.00000   0.58000
         95.00   286.589     0.100E+01  0.400000E-03             0   0.00000   0.58000
         96.00   286.507     0.100E+01  0.400000E-03             0   0.00000   0.58000
         97.00   286.424     0.100E+01  0.400000E-03             0   0.00000   0.58000
         98.00   286.342     0.100E+01  0.400000E-03             0   0.00000   0.58000
         99.00   286.260     0.100E+01  0.400000E-03             0   0.00000   0.58000
        100.00   286.177     0.100E+01  0.400000E-03             0   0.00000   0.58000
        101.00   286.095     0.100E+01  0.400000E-03             0   0.00000   0.58000
        102.00   286.013     0.100E+01  0.400000E-03             0   0.00000   0.58000
        103.00   285.931     0.100E+01  0.400000E-03             0   0.00000   0.58000
        104.00   285.849     0.100E+01  0.400000E-03             0   0.00000   0.58000
        105.00   285.766     0.100E+01  0.400000E-03             0   0.00000   0.58000
        106.00   285.684     0.100E+01  0.400000E-03             0   0.00000   0.58000
        107.00   285.602     0.100E+01  0.400000E-03             0   0.00000   0.58000
        108.00   285.520     0.100E+01  0.400000E-03             0   0.00000   0.58000
        109.00   285.437     0.100E+01  0.400000E-03             0   0.00000   0.58000
        110.00   285.355     0.100E+01  0.400000E-03             0   0.00000   0.58000
        111.00   285.273     0.100E+01  0.400000E-03             0   0.00000   0.58000
        112.00   285.176     0.100E+01  0.400000E-03             0   0.00000   0.58000
        113.00   285.098     0.100E+01  0.400000E-03             0   0.00000   0.58000
        114.00   285.019     0.100E+01  0.400000E-03             0   0.00000   0.58000
        115.00   284.940     0.100E+01  0.400000E-03             0   0.00000   0.58000
        116.00   284.861     0.100E+01  0.400000E-03             0   0.00000   0.58000
        117.00   284.782     0.100E+01  0.400000E-03             0   0.00000   0.58000
        118.00   284.703     0.100E+01  0.400000E-03             0   0.00000   0.58000
        119.00   284.633     0.100E+01  0.400000E-03             0   0.00000   0.58000
        120.00   284.563     0.100E+01  0.400000E-03             0   0.00000   0.58000
        121.00   284.494     0.100E+01  0.400000E-03             0   0.00000   0.58000
        122.00   284.424     0.100E+01  0.400000E-03             0   0.00000   0.58000
        123.00   284.354     0.100E+01  0.400000E-03             0   0.00000   0.58000
        124.00   284.285     0.100E+01  0.400000E-03             0   0.00000   0.58000
        125.00   284.215     0.100E+01  0.400000E-03             0   0.00000   0.58000
        126.00   284.145     0.100E+01  0.400000E-03             0   0.00000   0.58000
        127.00   284.076     0.100E+01  0.400000E-03             0   0.00000   0.58000
        128.00   284.022     0.100E+01  0.400000E-03             0   0.00000   0.58000
        129.00   283.969     0.100E+01  0.400000E-03             0   0.00000   0.58000
        130.00   283.915     0.100E+01  0.400000E-03             0   0.00000   0.58000
        131.00   283.862     0.100E+01  0.400000E-03             0   0.00000   0.58000
        132.00   283.808     0.100E+01  0.400000E-03             0   0.00000   0.58000
        133.00   283.755     0.100E+01  0.400000E-03             0   0.00000   0.58000
        134.00   283.702     0.100E+01  0.400000E-03             0   0.00000   0.58000
        135.00   283.648     0.100E+01  0.400000E-03             0   0.00000   0.58000
        136.00   283.595     0.100E+01  0.400000E-03             0   0.00000   0.58000
        137.00   283.541     0.100E+01  0.400000E-03             0   0.00000   0.58000
        138.00   283.488     0.100E+01  0.400000E-03             0   0.00000   0.58000
        139.00   283.434     0.100E+01  0.400000E-03             0   0.00000   0.58000
        140.00   283.381     0.100E+01  0.400000E-03             0   0.00000   0.58000
        141.00   283.327     0.100E+01  0.400000E-03             0   0.00000   0.58000
        142.00   283.274     0.100E+01  0.400000E-03             0   0.00000   0.58000
        143.00   283.223     0.100E+01  0.400000E-03             0   0.00000   0.58000
        144.00   283.172     0.100E+01  0.400000E-03             0   0.00000   0.58000
        145.00   283.122     0.100E+01  0.400000E-03             0   0.00000   0.58000
        146.00   283.071     0.100E+01  0.400000E-03             0   0.00000   0.58000
        147.00   283.020     0.100E+01  0.400000E-03             0   0.00000   0.58000
        148.00   282.969     0.100E+01  0.400000E-03             0   0.00000   0.58000
        149.00   282.919     0.100E+01  0.400000E-03             0   0.00000   0.58000
        150.00   282.868     0.100E+01  0.400000E-03             0   0.00000   0.58000
        151.00   282.819     0.100E+01  0.400000E-03             0   0.00000   0.58000
        152.00   282.770     0.100E+01  0.400000E-03             0   0.00000   0.58000
        153.00   282.721     0.100E+01  0.400000E-03             0   0.00000   0.58000
        154.00   282.690     0.100E+01  0.400000E-03             0   0.00000   0.58000
        155.00   282.641     0.100E+01  0.400000E-03             0   0.00000   0.58000
        156.00   282.610     0.100E+01  0.400000E-03             0   0.00000   0.58000
        157.00   282.560     0.100E+01  0.400000E-03             0   0.00000   0.58000
        158.00   282.529     0.100E+01  0.400000E-03             0   0.00000   0.58000
        159.00   282.480     0.100E+01  0.400000E-03             0   0.00000   0.58000
        160.00   282.449     0.100E+01  0.400000E-03             0   0.00000   0.58000
        161.00   282.418     0.100E+01  0.400000E-03             0   0.00000   0.58000
        162.00   282.369     0.100E+01  0.400000E-03             0   0.00000   0.58000
        163.00   282.338     0.100E+01  0.400000E-03             0   0.00000   0.58000
        164.00   282.307     0.100E+01  0.400000E-03             0   0.00000   0.58000
        165.00   282.258     0.100E+01  0.400000E-03             0   0.00000   0.58000
        166.00   282.227     0.100E+01  0.400000E-03             0   0.00000   0.58000
        167.00   282.196     0.100E+01  0.400000E-03             0   0.00000   0.58000
        168.00   282.165     0.100E+01  0.400000E-03             0   0.00000   0.58000
        169.00   282.115     0.100E+01  0.400000E-03             0   0.00000   0.58000
        170.00   282.084     0.100E+01  0.400000E-03             0   0.00000   0.58000
        171.00   282.053     0.100E+01  0.400000E-03             0   0.00000   0.58000
        172.00   282.022     0.100E+01  0.400000E-03             0   0.00000   0.58000
        173.00   281.991     0.100E+01  0.400000E-03             0   0.00000   0.58000
        174.00   281.960     0.100E+01  0.400000E-03             0   0.00000   0.58000
        175.00   281.929     0.100E+01  0.400000E-03             0   0.00000   0.58000
        176.00   281.898     0.100E+01  0.400000E-03             0   0.00000   0.58000
        177.00   281.867     0.100E+01  0.400000E-03             0   0.00000   0.58000
        178.00   281.836     0.100E+01  0.400000E-03             0   0.00000   0.58000
        179.00   281.805     0.100E+01  0.400000E-03             0   0.00000   0.58000
        180.00   281.774     0.100E+01  0.400000E-03             0   0.00000   0.58000
        181.00   281.743     0.100E+01  0.400000E-03             0   0.00000   0.58000
        182.00   281.712     0.100E+01  0.400000E-03             0   0.00000   0.58000
        183.00   281.681     0.100E+01  0.400000E-03             0   0.00000   0.58000
        184.00   281.650     0.100E+01  0.400000E-03             0   0.00000   0.58000
        185.00   281.619     0.100E+01  0.400000E-03             0   0.00000   0.58000
        186.00   281.588     0.100E+01  0.400000E-03             0   0.00000   0.58000
        187.00   281.557     0.100E+01  0.400000E-03             0   0.00000   0.58000
        188.00   281.526     0.100E+01  0.400000E-03             0   0.00000   0.58000
        189.00   281.495     0.100E+01  0.400000E-03             0   0.00000   0.58000
        190.00   281.464     0.100E+01  0.400000E-03             0   0.00000   0.58000
        191.00   281.447     0.100E+01  0.400000E-03             0   0.00000   0.58000
        192.00   281.416     0.100E+01  0.400000E-03             0   0.00000   0.58000
        193.00   281.400     0.100E+01  0.400000E-03             0   0.00000   0.58000
        194.00   281.369     0.100E+01  0.400000E-03             0   0.00000   0.58000
        195.00   281.357     0.100E+01  0.400000E-03             0   0.00000   0.58000
        196.00   281.327     0.100E+01  0.400000E-03             0   0.00000   0.58000
        197.00   281.315     0.100E+01  0.400000E-03             0   0.00000   0.58000
        198.00   281.299     0.100E+01  0.400000E-03             0   0.00000   0.58000
        199.00   281.273     0.100E+01  0.400000E-03             0   0.00000   0.58000
        200.00   281.262     0.100E+01  0.400000E-03             0   0.00000   0.58000
        201.00   281.245     0.100E+01  0.400000E-03             0   0.00000   0.58000
        202.00   281.234     0.100E+01  0.400000E-03             0   0.00000   0.58000
        203.00   281.223     0.100E+01  0.400000E-03             0   0.00000   0.58000
        204.00   281.212     0.100E+01  0.400000E-03             0   0.00000   0.58000
        205.00   281.186     0.100E+01  0.400000E-03             0   0.00000   0.58000
        206.00   281.170     0.100E+01  0.400000E-03             0   0.00000   0.58000
        207.00   281.158     0.100E+01  0.400000E-03             0   0.00000   0.58000
        208.00   281.147     0.100E+01  0.400000E-03             0   0.00000   0.58000
        209.00   281.136     0.100E+01  0.400000E-03             0   0.00000   0.58000
        210.00   281.125     0.100E+01  0.400000E-03             0   0.00000   0.58000
        211.00   281.113     0.100E+01  0.400000E-03             0   0.00000   0.58000
        212.00   281.102     0.100E+01  0.400000E-03             0   0.00000   0.58000
        213.00   281.091     0.100E+01  0.400000E-03             0   0.00000   0.58000
        214.00   281.080     0.100E+01  0.400000E-03             0   0.00000   0.58000
        215.00   281.069     0.100E+01  0.400000E-03             0   0.00000   0.58000
        216.00   281.057     0.100E+01  0.400000E-03             0   0.00000   0.58000
        217.00   281.046     0.100E+01  0.400000E-03             0   0.00000   0.58000
        218.00   281.035     0.100E+01  0.400000E-03             0   0.00000   0.58000
        219.00   281.024     0.100E+01  0.400000E-03             0   0.00000   0.58000
        220.00   281.012     0.100E+01  0.400000E-03             0   0.00000   0.58000
        221.00   281.001     0.100E+01  0.400000E-03             0   0.00000   0.58000
        222.00   280.990     0.100E+01  0.400000E-03             0   0.00000   0.58000
        223.00   280.979     0.100E+01  0.400000E-03             0   0.00000   0.58000
        224.00   280.967     0.100E+01  0.400000E-03             0   0.00000   0.58000
        225.00   280.956     0.100E+01  0.400000E-03             0   0.00000   0.58000
        226.00   280.945     0.100E+01  0.400000E-03             0   0.00000   0.58000
        227.00   280.934     0.100E+01  0.400000E-03             0   0.00000   0.58000
        228.00   280.922     0.100E+01  0.400000E-03             0   0.00000   0.58000
        229.00   280.911     0.100E+01  0.400000E-03             0   0.00000   0.58000
        230.00   280.900     0.100E+01  0.400000E-03             0   0.00000   0.58000
        231.00   280.889     0.100E+01  0.400000E-03             0   0.00000   0.58000
        232.00   280.877     0.100E+01  0.400000E-03             0   0.00000   0.58000
        233.00   280.866     0.100E+01  0.400000E-03             0   0.00000   0.58000
        234.00   280.855     0.100E+01  0.400000E-03             0   0.00000   0.58000
        235.00   280.844     0.100E+01  0.400000E-03             0   0.00000   0.58000
        236.00   280.832     0.100E+01  0.400000E-03             0   0.00000   0.58000
        237.00   280.821     0.100E+01  0.400000E-03             0   0.00000   0.58000
        238.00   280.810     0.100E+01  0.400000E-03             0   0.00000   0.58000
        239.00   280.799     0.100E+01  0.400000E-03             0   0.00000   0.58000
        240.00   280.787     0.100E+01  0.400000E-03             0   0.00000   0.58000
        241.00   280.776     0.100E+01  0.400000E-03             0   0.00000   0.58000
        242.00   280.765     0.100E+01  0.400000E-03             0   0.00000   0.58000
        243.00   280.754     0.100E+01  0.400000E-03             0   0.00000   0.58000
        244.00   280.742     0.100E+01  0.400000E-03             0   0.00000   0.58000
        245.00   280.731     0.100E+01  0.400000E-03             0   0.00000   0.58000
        246.00   280.720     0.100E+01  0.400000E-03             0   0.00000   0.58000
        247.00   280.709     0.100E+01  0.400000E-03             0   0.00000   0.58000
        248.00   280.697     0.100E+01  0.400000E-03             0   0.00000   0.58000
        249.00   280.686     0.100E+01  0.400000E-03             0   0.00000   0.58000
        250.00   280.675     0.100E+01  0.400000E-03             0   0.00000   0.58000
        251.00   280.663     0.100E+01  0.400000E-03             0   0.00000   0.58000
        252.00   280.652     0.100E+01  0.400000E-03             0   0.00000   0.58000
        253.00   280.641     0.100E+01  0.400000E-03             0   0.00000   0.58000
        254.00   280.630     0.100E+01  0.400000E-03             0   0.00000   0.58000
        255.00   280.618     0.100E+01  0.400000E-03             0   0.00000   0.58000
        256.00   280.607     0.100E+01  0.400000E-03             0   0.00000   0.58000
        257.00   280.596     0.100E+01  0.400000E-03             0   0.00000   0.58000
        258.00   280.585     0.100E+01  0.400000E-03             0   0.00000   0.58000
        259.00   280.573     0.100E+01  0.400000E-03             0   0.00000   0.58000
        260.00   280.562     0.100E+01  0.400000E-03             0   0.00000   0.58000
        261.00   280.551     0.100E+01  0.400000E-03             0   0.00000   0.58000
        262.00   280.539     0.100E+01  0.400000E-03             0   0.00000   0.58000
        263.00   280.528     0.100E+01  0.400000E-03             0   0.00000   0.58000
        264.00   280.517     0.100E+01  0.400000E-03             0   0.00000   0.58000
        265.00   280.506     0.100E+01  0.400000E-03             0   0.00000   0.58000
        266.00   280.494     0.100E+01  0.400000E-03             0   0.00000   0.58000
        267.00   280.483     0.100E+01  0.400000E-03             0   0.00000   0.58000
        268.00   280.472     0.100E+01  0.400000E-03             0   0.00000   0.58000
        269.00   280.461     0.100E+01  0.400000E-03             0   0.00000   0.58000
        270.00   280.449     0.100E+01  0.400000E-03             0   0.00000   0.58000
        271.00   280.438     0.100E+01  0.400000E-03             0   0.00000   0.58000
        272.00   280.427     0.100E+01  0.400000E-03             0   0.00000   0.58000
        273.00   280.415     0.100E+01  0.400000E-03             0   0.00000   0.58000
        274.00   280.404     0.100E+01  0.400000E-03             0   0.00000   0.58000
        275.00   280.393     0.100E+01  0.400000E-03             0   0.00000   0.58000
        276.00   280.382     0.100E+01  0.400000E-03             0   0.00000   0.58000
        277.00   280.370     0.100E+01  0.400000E-03             0   0.00000   0.58000
        278.00   280.359     0.100E+01  0.400000E-03             0   0.00000   0.58000
        279.00   280.348     0.100E+01  0.400000E-03             0   0.00000   0.58000
        280.00   280.336     0.100E+01  0.400000E-03             0   0.00000   0.58000
        281.00   280.325     0.100E+01  0.400000E-03             0   0.00000   0.58000
        282.00   280.314     0.100E+01  0.400000E-03             0   0.00000   0.58000
        283.00   280.303     0.100E+01  0.400000E-03             0   0.00000   0.58000
        284.00   280.291     0.100E+01  0.400000E-03             0   0.00000   0.58000
        285.00   280.280     0.100E+01  0.400000E-03             0   0.00000   0.58000
        286.00   280.269     0.100E+01  0.400000E-03             0   0.00000   0.58000
        287.00   280.257     0.100E+01  0.400000E-03             0   0.00000   0.58000
        288.00   280.246     0.100E+01  0.400000E-03             0   0.00000   0.58000
        289.00   280.235     0.100E+01  0.400000E-03             0   0.00000   0.58000
        290.00   280.224     0.100E+01  0.400000E-03             0   0.00000   0.58000
        291.00   280.212     0.100E+01  0.400000E-03             0   0.00000   0.58000
        292.00   280.201     0.100E+01  0.400000E-03             0   0.00000   0.58000
        293.00   280.190     0.100E+01  0.400000E-03             0   0.00000   0.58000
        294.00   280.178     0.100E+01  0.400000E-03             0   0.00000   0.58000
        295.00   280.167     0.100E+01  0.400000E-03             0   0.00000   0.58000
        296.00   280.156     0.100E+01  0.400000E-03             0   0.00000   0.58000
        297.00   280.145     0.100E+01  0.400000E-03             0   0.00000   0.58000
        298.00   280.133     0.100E+01  0.400000E-03             0   0.00000   0.58000
        299.00   280.122     0.100E+01  0.400000E-03             0   0.00000   0.58000
        300.00   280.111     0.100E+01  0.400000E-03             0   0.00000   0.58000
        301.00   280.099     0.100E+01  0.400000E-03             0   0.00000   0.58000
        302.00   280.088     0.100E+01  0.400000E-03             0   0.00000   0.58000
        303.00   280.077     0.100E+01  0.400000E-03             0   0.00000   0.58000
        304.00   280.066     0.100E+01  0.400000E-03             0   0.00000   0.58000
        305.00   280.054     0.100E+01  0.400000E-03             0   0.00000   0.58000
        306.00   280.043     0.100E+01  0.400000E-03             0   0.00000   0.58000
        307.00   280.032     0.100E+01  0.400000E-03             0   0.00000   0.58000
        308.00   280.020     0.100E+01  0.400000E-03             0   0.00000   0.58000
        309.00   280.009     0.100E+01  0.400000E-03             0   0.00000   0.58000
        310.00   279.998     0.100E+01  0.400000E-03             0   0.00000   0.58000
        311.00   279.986     0.100E+01  0.400000E-03             0   0.00000   0.58000
        312.00   279.975     0.100E+01  0.400000E-03             0   0.00000   0.58000
        313.00   279.964     0.100E+01  0.400000E-03             0   0.00000   0.58000
        314.00   279.953     0.100E+01  0.400000E-03             0   0.00000   0.58000
        315.00   279.941     0.100E+01  0.400000E-03             0   0.00000   0.58000
        316.00   279.930     0.100E+01  0.400000E-03             0   0.00000   0.58000
        317.00   279.919     0.100E+01  0.400000E-03             0   0.00000   0.58000
        318.00   279.907     0.100E+01  0.400000E-03             0   0.00000   0.58000
        319.00   279.896     0.100E+01  0.400000E-03             0   0.00000   0.58000
        320.00   279.885     0.100E+01  0.400000E-03             0   0.00000   0.58000
        321.00   279.874     0.100E+01  0.400000E-03             0   0.00000   0.58000
        322.00   279.862     0.100E+01  0.400000E-03             0   0.00000   0.58000
        323.00   279.851     0.100E+01  0.400000E-03             0   0.00000   0.58000
        324.00   279.840     0.100E+01  0.400000E-03             0   0.00000   0.58000
        325.00   279.828     0.100E+01  0.400000E-03             0   0.00000   0.58000
        326.00   279.817     0.100E+01  0.400000E-03             0   0.00000   0.58000
        327.00   279.806     0.100E+01  0.400000E-03             0   0.00000   0.58000
        328.00   279.794     0.100E+01  0.400000E-03             0   0.00000   0.58000
        329.00   279.783     0.100E+01  0.400000E-03             0   0.00000   0.58000
        330.00   279.772     0.100E+01  0.400000E-03             0   0.00000   0.58000
        331.00   279.761     0.100E+01  0.400000E-03             0   0.00000   0.58000
        332.00   279.749     0.100E+01  0.400000E-03             0   0.00000   0.58000
        333.00   279.738     0.100E+01  0.400000E-03             0   0.00000   0.58000
        334.00   279.727     0.100E+01  0.400000E-03             0   0.00000   0.58000
        335.00   279.715     0.100E+01  0.400000E-03             0   0.00000   0.58000
        336.00   279.704     0.100E+01  0.400000E-03             0   0.00000   0.58000
        337.00   279.693     0.100E+01  0.400000E-03             0   0.00000   0.58000
        338.00   279.681     0.100E+01  0.400000E-03             0   0.00000   0.58000
        339.00   279.670     0.100E+01  0.400000E-03             0   0.00000   0.58000
        340.00   279.659     0.100E+01  0.400000E-03             0   0.00000   0.58000
        341.00   279.648     0.100E+01  0.400000E-03             0   0.00000   0.58000
        342.00   279.636     0.100E+01  0.400000E-03             0   0.00000   0.58000
        343.00   279.625     0.100E+01  0.400000E-03             0   0.00000   0.58000
        344.00   279.614     0.100E+01  0.400000E-03             0   0.00000   0.58000
        345.00   279.602     0.100E+01  0.400000E-03             0   0.00000   0.58000
        346.00   279.591     0.100E+01  0.400000E-03             0   0.00000   0.58000
        347.00   279.580     0.100E+01  0.400000E-03             0   0.00000   0.58000
        348.00   279.568     0.100E+01  0.400000E-03             0   0.00000   0.58000
        349.00   279.557     0.100E+01  0.400000E-03             0   0.00000   0.58000
        350.00   279.546     0.100E+01  0.400000E-03             0   0.00000   0.58000
        351.00   279.535     0.100E+01  0.400000E-03             0   0.00000   0.58000
        352.00   279.523     0.100E+01  0.400000E-03             0   0.00000   0.58000
        353.00   279.512     0.100E+01  0.400000E-03             0   0.00000   0.58000
        354.00   279.501     0.100E+01  0.400000E-03             0   0.00000   0.58000
        355.00   279.489     0.100E+01  0.400000E-03             0   0.00000   0.58000
        356.00   279.478     0.100E+01  0.400000E-03             0   0.00000   0.58000
        357.00   279.467     0.100E+01  0.400000E-03             0   0.00000   0.58000
        358.00   279.456     0.100E+01  0.400000E-03             0   0.00000   0.58000
        359.00   279.444     0.100E+01  0.400000E-03             0   0.00000   0.58000
        360.00   279.433     0.100E+01  0.400000E-03             0   0.00000   0.58000
        361.00   279.422     0.100E+01  0.400000E-03             0   0.00000   0.58000
        362.00   279.410     0.100E+01  0.400000E-03             0   0.00000   0.58000
        363.00   279.399     0.100E+01  0.400000E-03             0   0.00000   0.58000
        364.00   279.388     0.100E+01  0.400000E-03             0   0.00000   0.58000
        365.00   279.376     0.100E+01  0.400000E-03             0   0.00000   0.58000
        366.00   279.365     0.100E+01  0.400000E-03             0   0.00000   0.58000
        367.00   279.354     0.100E+01  0.400000E-03             0   0.00000   0.58000
        368.00   279.343     0.100E+01  0.400000E-03             0   0.00000   0.58000
        369.00   279.331     0.100E+01  0.400000E-03             0   0.00000   0.58000
        370.00   279.320     0.100E+01  0.400000E-03             0   0.00000   0.58000
        371.00   279.309     0.100E+01  0.400000E-03             0   0.00000   0.58000
        372.00   279.297     0.100E+01  0.400000E-03             0   0.00000   0.58000
        373.00   279.286     0.100E+01  0.400000E-03             0   0.00000   0.58000
        374.00   279.275     0.100E+01  0.400000E-03             0   0.00000   0.58000
        375.00   279.264     0.100E+01  0.400000E-03             0   0.00000   0.58000
        376.00   279.252     0.100E+01  0.400000E-03             0   0.00000   0.58000
        377.00   279.241     0.100E+01  0.400000E-03             0   0.00000   0.58000
        378.00   279.230     0.100E+01  0.400000E-03             0   0.00000   0.58000
        379.00   279.218     0.100E+01  0.400000E-03             0   0.00000   0.58000
        380.00   279.207     0.100E+01  0.400000E-03             0   0.00000   0.58000
        381.00   279.208     0.100E+01  0.400000E-03             0   0.00000   0.58000
