
OBLIQUITY: 23.50 degrees

SUMMARY
   planet average temperature = 288.612 Kelvin
   planet average albedo =   0.308
   planet average insolation = 339.775 Watts/m^2
   planet average outgoing infrared = 235.616 Watts/m^2
   seasonal-average weathering rate = .337E+15 g/year
   co2 partial pressure = .280E-03 bars
   thermal diffusion coefficient (D) = .380E+00 Watts/m^2 K
   convergence to final temperature profile in 0.158E+10 seconds

ZONAL STATISTICS
 latitude(deg)  ave temp(K)  min temp(K)  @dec(deg)  max temp(K)  @dec(deg)  seas.amp(K)
    -85.          260.697      245.162       2.59      278.654     -19.63       16.746
    -75.          262.500      248.467       2.59      276.754     -16.54       14.143
    -65.          267.651      257.318       2.20      274.728      -3.61        8.705
    -55.          275.069      270.813      -5.22      279.126       0.39        4.156
    -45.          282.658      279.449       0.24      285.894      -0.48        3.223
    -35.          289.666      286.758       2.98      292.546      -0.87        2.894
    -25.          295.463      293.030       5.31      297.836      -0.48        2.403
    -15.          299.581      298.004       6.83      301.104       2.35        1.550
     -5.          301.710      301.064      11.56      302.316       8.47        0.626
      5.          301.693      301.096     -10.72      302.297     -10.07        0.601
     15.          299.527      297.864      -5.54      301.192      -4.06        1.664
     25.          295.361      292.361      -4.00      298.365      -0.94        3.002
     35.          289.493      284.980      -2.44      294.081       0.63        4.550
     45.          282.374      275.871      -0.87      289.034       2.59        6.582
     55.          274.600      264.956      -0.09      283.757       5.31        9.401
     65.          266.860      251.494      -6.69      278.773       9.43       13.640
     75.          261.735      242.682      -7.06      273.078       6.07       15.198
     85.          259.928      239.560      -5.93      270.685       6.07       15.563

ICE LINES (Tave = 263K)
  ice-line latitude = -73.7 degrees.
  ice-line latitude =  72.2 degrees.

CO2 CLOUDS
  planet average co2 cloud coverage = 0.000

GEOGRAPHIC DATA
planet ocean fraction: 0.7
coast latitude:   0.0
geography: 1
number of belts: 18
  latitude of belt center  belt ocean fraction
           -85.0                   0.000
           -75.0                   0.246
           -65.0                   0.896
           -55.0                   0.992
           -45.0                   0.970
           -35.0                   0.888
           -25.0                   0.769
           -15.0                   0.780
            -5.0                   0.764
             5.0                   0.772
            15.0                   0.736
            25.0                   0.624
            35.0                   0.572
            45.0                   0.475
            55.0                   0.428
            65.0                   0.294
            75.0                   0.713
            85.0                   0.934
