        0   288.267     0.280E-03   0.38000
        1   288.294     0.280E-03   0.38000
        2   288.252     0.280E-03   0.38000
        3   288.315     0.280E-03   0.38000
        4   288.387     0.280E-03   0.38000
        5   288.464     0.280E-03   0.38000
        6   288.523     0.280E-03   0.38000
        7   288.557     0.280E-03   0.38000
        8   288.578     0.280E-03   0.38000
        9   288.590     0.280E-03   0.38000
       10   288.598     0.280E-03   0.38000
       11   288.603     0.280E-03   0.38000
       12   288.607     0.280E-03   0.38000
       13   288.609     0.280E-03   0.38000
       14   288.610     0.280E-03   0.38000
       15   288.611     0.280E-03   0.38000
       16   288.611     0.280E-03   0.38000
       17   288.612     0.280E-03   0.38000
       18   288.612     0.280E-03   0.38000
       19   288.612     0.280E-03   0.38000
       20   288.612     0.280E-03   0.38000
       21   288.612     0.280E-03   0.38000
       22   288.612     0.280E-03   0.38000
       23   288.612     0.280E-03   0.38000
       24   288.612     0.280E-03   0.38000
       25   288.612     0.280E-03   0.38000
       26   288.612     0.280E-03   0.38000
       27   288.612     0.280E-03   0.38000
       28   288.612     0.280E-03   0.38000
       29   288.612     0.280E-03   0.38000
       30   288.612     0.280E-03   0.38000
       31   288.612     0.280E-03   0.38000
       32   288.612     0.280E-03   0.38000
       33   288.612     0.280E-03   0.38000
       34   288.612     0.280E-03   0.38000
       35   288.612     0.280E-03   0.38000
       36   288.612     0.280E-03   0.38000
       37   288.612     0.280E-03   0.38000
       38   288.612     0.280E-03   0.38000
       39   288.612     0.280E-03   0.38000
       40   288.612     0.280E-03   0.38000
       41   288.612     0.280E-03   0.38000
       42   288.612     0.280E-03   0.38000
       43   288.612     0.280E-03   0.38000
       44   288.612     0.280E-03   0.38000
       45   288.612     0.280E-03   0.38000
       46   288.612     0.280E-03   0.38000
       47   288.612     0.280E-03   0.38000
       48   288.612     0.280E-03   0.38000
       49   288.612     0.280E-03   0.38000
